2024-12-25 06:36:52,570 - INFO - Application started correctly
2024-12-25 06:36:52,751 - INFO - Application started correctly
2024-12-26 16:21:13,186 - INFO - Application started correctly
2024-12-26 16:21:28,347 - INFO - User login sucessfully
2024-12-26 16:50:34,558 - INFO - Application started correctly
2024-12-26 17:29:46,225 - INFO - Application started correctly
2024-12-26 17:34:03,672 - INFO - Application started correctly
2024-12-26 17:35:21,905 - INFO - Application started correctly
2024-12-26 17:55:25,690 - INFO - Application started correctly
2024-12-26 17:56:17,114 - INFO - user logout
2024-12-26 17:56:17,114 - INFO - user password changed successfully
2024-12-26 18:01:57,597 - INFO - Application started correctly
2024-12-26 18:03:33,935 - INFO - Application started correctly
2024-12-26 18:04:39,580 - INFO - Application started correctly
2024-12-26 18:05:00,248 - INFO - Application started correctly
2024-12-26 18:06:16,874 - INFO - Application started correctly
2024-12-26 18:06:44,846 - INFO - Application started correctly
2024-12-27 07:05:28,390 - INFO - Application started correctly
2024-12-27 07:05:38,643 - INFO - User login sucessfully
2024-12-27 07:07:48,172 - INFO - Application started correctly
2024-12-27 07:07:48,344 - INFO - Application started correctly
2024-12-27 07:08:52,267 - INFO - Application started correctly
2024-12-27 07:09:08,689 - INFO - Application started correctly
2024-12-27 07:10:48,107 - INFO - Application started correctly
2024-12-27 07:11:40,949 - INFO - Application started correctly
2024-12-27 07:12:03,692 - INFO - score registered in the database successfully
2024-12-27 07:12:31,872 - INFO - score registered in the database successfully
2024-12-27 07:13:31,516 - INFO - Application started correctly
2024-12-27 08:41:16,200 - INFO - user logout
2024-12-27 09:42:19,468 - INFO - User login sucessfully
2024-12-27 18:20:29,891 - INFO - user logout
2024-12-27 18:20:39,125 - INFO - User login sucessfully
